app/build/intermediates/manifest_merge_blame_file/release/manifest-merger-blame-release-report.txt
1<?xml version="1.0" encoding="utf-8"?>
2<manifest xmlns:android="http://schemas.android.com/apk/res/android"
3    package="com.samahmakki.seacrhforbooksandsave"
4    android:versionCode="18"
5    android:versionName="1.0" >
6
7    <uses-sdk
8        android:minSdkVersion="22"
8-->src\main\AndroidManifest.xml
9        android:targetSdkVersion="29" />
9-->src\main\AndroidManifest.xml
10
11    <uses-permission android:name="android.permission.ACCESS_NETWORK_STATE" />
11-->src\main\AndroidManifest.xml:5:5-79
11-->src\main\AndroidManifest.xml:5:22-76
12    <uses-permission android:name="android.permission.INTERNET" />
12-->src\main\AndroidManifest.xml:6:5-67
12-->src\main\AndroidManifest.xml:6:22-64
13    <uses-permission android:name="android.permission.WAKE_LOCK" />
13-->[com.google.android.gms:play-services-measurement:17.2.2] AndroidManifest.xml:25:5-68
13-->[com.google.android.gms:play-services-measurement:17.2.2] AndroidManifest.xml:25:22-65
14    <uses-permission android:name="com.google.android.finsky.permission.BIND_GET_INSTALL_REFERRER_SERVICE" /> <!-- Required by older versions of Google Play services to create IID tokens -->
14-->[com.google.android.gms:play-services-measurement:17.2.2] AndroidManifest.xml:26:5-110
14-->[com.google.android.gms:play-services-measurement:17.2.2] AndroidManifest.xml:26:22-107
15    <uses-permission android:name="com.google.android.c2dm.permission.RECEIVE" />
15-->[com.google.firebase:firebase-iid:20.0.2] AndroidManifest.xml:26:5-82
15-->[com.google.firebase:firebase-iid:20.0.2] AndroidManifest.xml:26:22-79
16
17    <application
17-->src\main\AndroidManifest.xml:8:5-68:19
18        android:allowBackup="true"
18-->src\main\AndroidManifest.xml:9:9-35
19        android:appComponentFactory="androidx.core.app.CoreComponentFactory"
19-->[androidx.core:core:1.1.0] AndroidManifest.xml:24:18-86
20        android:icon="@mipmap/icon"
20-->src\main\AndroidManifest.xml:10:9-36
21        android:label="@string/app_name"
21-->src\main\AndroidManifest.xml:11:9-41
22        android:roundIcon="@mipmap/icon"
22-->src\main\AndroidManifest.xml:12:9-41
23        android:supportsRtl="true"
23-->src\main\AndroidManifest.xml:13:9-35
24        android:theme="@style/AppTheme" >
24-->src\main\AndroidManifest.xml:14:9-40
25        <activity
25-->src\main\AndroidManifest.xml:15:9-18:20
26            android:name="com.samahmakki.seacrhforbooksandsave.AddAuthorActivity"
26-->src\main\AndroidManifest.xml:16:13-46
27            android:theme="@style/MyDialogTheme" >
27-->src\main\AndroidManifest.xml:17:13-49
28        </activity>
29        <activity
29-->src\main\AndroidManifest.xml:19:9-22:67
30            android:name="com.samahmakki.seacrhforbooksandsave.BookInfoActivity"
30-->src\main\AndroidManifest.xml:20:13-45
31            android:label="@string/book_info"
31-->src\main\AndroidManifest.xml:21:13-46
32            android:parentActivityName="com.samahmakki.seacrhforbooksandsave.MainActivity" />
32-->src\main\AndroidManifest.xml:22:13-55
33        <activity
33-->src\main\AndroidManifest.xml:23:9-26:69
34            android:name="com.samahmakki.seacrhforbooksandsave.AuthorsListActivity"
34-->src\main\AndroidManifest.xml:24:13-48
35            android:label="@string/books_list"
35-->src\main\AndroidManifest.xml:25:13-47
36            android:parentActivityName="com.samahmakki.seacrhforbooksandsave.FavoriteAuthorsActivity" />
36-->src\main\AndroidManifest.xml:26:13-66
37        <activity
37-->src\main\AndroidManifest.xml:27:9-29:56
38            android:name="com.samahmakki.seacrhforbooksandsave.rubbish.AuthorsActivity"
38-->src\main\AndroidManifest.xml:28:13-52
39            android:label="@string/favorite_authors" />
39-->src\main\AndroidManifest.xml:29:13-53
40        <activity
40-->src\main\AndroidManifest.xml:30:9-33:59
41            android:name="com.samahmakki.seacrhforbooksandsave.FavoriteAuthorsActivity"
41-->src\main\AndroidManifest.xml:31:13-52
42            android:label="@string/favorite_authors"
42-->src\main\AndroidManifest.xml:32:13-53
43            android:theme="@style/AppTheme.NoActionBar" />
43-->src\main\AndroidManifest.xml:33:13-56
44        <activity
44-->src\main\AndroidManifest.xml:34:9-37:59
45            android:name="com.samahmakki.seacrhforbooksandsave.FavoriteTopicsActivity"
45-->src\main\AndroidManifest.xml:35:13-51
46            android:label="@string/favorite_topics"
46-->src\main\AndroidManifest.xml:36:13-52
47            android:theme="@style/AppTheme.NoActionBar" />
47-->src\main\AndroidManifest.xml:37:13-56
48        <activity
48-->src\main\AndroidManifest.xml:38:9-40:51
49            android:name="com.samahmakki.seacrhforbooksandsave.SavedBooksActivity"
49-->src\main\AndroidManifest.xml:39:13-47
50            android:label="@string/saved_books" />
50-->src\main\AndroidManifest.xml:40:13-48
51        <activity
51-->src\main\AndroidManifest.xml:41:9-51:20
52            android:name="com.samahmakki.seacrhforbooksandsave.MainActivity"
52-->src\main\AndroidManifest.xml:42:13-41
53            android:configChanges="locale|screenSize|orientation"
53-->src\main\AndroidManifest.xml:43:13-66
54            android:label="@string/app_name"
54-->src\main\AndroidManifest.xml:44:13-45
55            android:theme="@style/AppTheme.NoActionBar" >
55-->src\main\AndroidManifest.xml:45:13-56
56            <intent-filter>
56-->src\main\AndroidManifest.xml:46:13-50:29
57                <action android:name="android.intent.action.MAIN" />
57-->src\main\AndroidManifest.xml:47:17-69
57-->src\main\AndroidManifest.xml:47:25-66
58
59                <category android:name="android.intent.category.LAUNCHER" />
59-->src\main\AndroidManifest.xml:49:17-77
59-->src\main\AndroidManifest.xml:49:27-74
60            </intent-filter>
61        </activity> <!-- Sample AdMob App ID: ca-app-pub-3940256099942544~3347511713 -->
62        <meta-data
62-->src\main\AndroidManifest.xml:52:9-54:70
63            android:name="com.google.android.gms.ads.APPLICATION_ID"
63-->src\main\AndroidManifest.xml:53:13-69
64            android:value="ca-app-pub-3940256099942544/1033173712" />
64-->src\main\AndroidManifest.xml:54:13-67
65
66        <provider
66-->src\main\AndroidManifest.xml:56:9-59:40
67            android:name="com.samahmakki.seacrhforbooksandsave.data.BookProvider"
67-->src\main\AndroidManifest.xml:57:13-46
68            android:authorities="com.samahmakki.seacrhforbooksandsave"
68-->src\main\AndroidManifest.xml:58:13-71
69            android:exported="false" />
69-->src\main\AndroidManifest.xml:59:13-37
70        <provider
70-->src\main\AndroidManifest.xml:60:9-63:40
71            android:name="com.samahmakki.seacrhforbooksandsave.data.AuthorNameProvider"
71-->src\main\AndroidManifest.xml:61:13-52
72            android:authorities="com.samahmakki.seacrhforbooksandsave.data"
72-->src\main\AndroidManifest.xml:62:13-76
73            android:exported="false" />
73-->src\main\AndroidManifest.xml:63:13-37
74        <provider
74-->src\main\AndroidManifest.xml:64:9-67:40
75            android:name="com.samahmakki.seacrhforbooksandsave.data.AuthorListProvider"
75-->src\main\AndroidManifest.xml:65:13-52
76            android:authorities="com.samahmakki.seacrhforbooksandsave.data.BookContract.AuthorEntry"
76-->src\main\AndroidManifest.xml:66:13-101
77            android:exported="false" />
77-->src\main\AndroidManifest.xml:67:13-37
78
79        <activity
79-->[com.facebook.android:facebook-common:4.42.0] AndroidManifest.xml:29:9-32:66
80            android:name="com.facebook.FacebookActivity"
80-->[com.facebook.android:facebook-common:4.42.0] AndroidManifest.xml:30:13-57
81            android:configChanges="keyboard|keyboardHidden|screenLayout|screenSize|orientation"
81-->[com.facebook.android:facebook-common:4.42.0] AndroidManifest.xml:31:13-96
82            android:theme="@style/com_facebook_activity_theme" />
82-->[com.facebook.android:facebook-common:4.42.0] AndroidManifest.xml:32:13-63
83        <activity android:name="com.facebook.CustomTabMainActivity" />
83-->[com.facebook.android:facebook-common:4.42.0] AndroidManifest.xml:33:9-71
83-->[com.facebook.android:facebook-common:4.42.0] AndroidManifest.xml:33:19-68
84        <activity android:name="com.facebook.CustomTabActivity" />
84-->[com.facebook.android:facebook-common:4.42.0] AndroidManifest.xml:34:9-67
84-->[com.facebook.android:facebook-common:4.42.0] AndroidManifest.xml:34:19-64
85
86        <provider
86-->[com.squareup.picasso:picasso:2.71828] AndroidManifest.xml:8:9-11:40
87            android:name="com.squareup.picasso.PicassoProvider"
87-->[com.squareup.picasso:picasso:2.71828] AndroidManifest.xml:9:13-64
88            android:authorities="com.samahmakki.seacrhforbooksandsave.com.squareup.picasso"
88-->[com.squareup.picasso:picasso:2.71828] AndroidManifest.xml:10:13-72
89            android:exported="false" /> <!-- Include the AdActivity and InAppPurchaseActivity configChanges and themes. -->
89-->[com.squareup.picasso:picasso:2.71828] AndroidManifest.xml:11:13-37
90        <activity
90-->[com.google.android.gms:play-services-ads-lite:15.0.1] AndroidManifest.xml:29:9-33:64
91            android:name="com.google.android.gms.ads.AdActivity"
91-->[com.google.android.gms:play-services-ads-lite:15.0.1] AndroidManifest.xml:30:13-65
92            android:configChanges="keyboard|keyboardHidden|orientation|screenLayout|uiMode|screenSize|smallestScreenSize"
92-->[com.google.android.gms:play-services-ads-lite:15.0.1] AndroidManifest.xml:31:13-122
93            android:exported="false"
93-->[com.google.android.gms:play-services-ads-lite:15.0.1] AndroidManifest.xml:32:13-37
94            android:theme="@android:style/Theme.Translucent" />
94-->[com.google.android.gms:play-services-ads-lite:15.0.1] AndroidManifest.xml:33:13-61
95
96        <receiver
96-->[com.google.android.gms:play-services-measurement:17.2.2] AndroidManifest.xml:29:9-33:20
97            android:name="com.google.android.gms.measurement.AppMeasurementReceiver"
97-->[com.google.android.gms:play-services-measurement:17.2.2] AndroidManifest.xml:30:13-85
98            android:enabled="true"
98-->[com.google.android.gms:play-services-measurement:17.2.2] AndroidManifest.xml:31:13-35
99            android:exported="false" >
99-->[com.google.android.gms:play-services-measurement:17.2.2] AndroidManifest.xml:32:13-37
100        </receiver>
101        <receiver
101-->[com.google.android.gms:play-services-measurement:17.2.2] AndroidManifest.xml:34:9-42:20
102            android:name="com.google.android.gms.measurement.AppMeasurementInstallReferrerReceiver"
102-->[com.google.android.gms:play-services-measurement:17.2.2] AndroidManifest.xml:35:13-100
103            android:enabled="true"
103-->[com.google.android.gms:play-services-measurement:17.2.2] AndroidManifest.xml:36:13-35
104            android:exported="true"
104-->[com.google.android.gms:play-services-measurement:17.2.2] AndroidManifest.xml:37:13-36
105            android:permission="android.permission.INSTALL_PACKAGES" >
105-->[com.google.android.gms:play-services-measurement:17.2.2] AndroidManifest.xml:38:13-69
106            <intent-filter>
106-->[com.google.android.gms:play-services-measurement:17.2.2] AndroidManifest.xml:39:13-41:29
107                <action android:name="com.android.vending.INSTALL_REFERRER" />
107-->[com.google.android.gms:play-services-measurement:17.2.2] AndroidManifest.xml:40:17-79
107-->[com.google.android.gms:play-services-measurement:17.2.2] AndroidManifest.xml:40:25-76
108            </intent-filter>
109        </receiver>
110
111        <service
111-->[com.google.android.gms:play-services-measurement:17.2.2] AndroidManifest.xml:44:9-47:40
112            android:name="com.google.android.gms.measurement.AppMeasurementService"
112-->[com.google.android.gms:play-services-measurement:17.2.2] AndroidManifest.xml:45:13-84
113            android:enabled="true"
113-->[com.google.android.gms:play-services-measurement:17.2.2] AndroidManifest.xml:46:13-35
114            android:exported="false" />
114-->[com.google.android.gms:play-services-measurement:17.2.2] AndroidManifest.xml:47:13-37
115        <service
115-->[com.google.android.gms:play-services-measurement:17.2.2] AndroidManifest.xml:48:9-52:72
116            android:name="com.google.android.gms.measurement.AppMeasurementJobService"
116-->[com.google.android.gms:play-services-measurement:17.2.2] AndroidManifest.xml:49:13-87
117            android:enabled="true"
117-->[com.google.android.gms:play-services-measurement:17.2.2] AndroidManifest.xml:50:13-35
118            android:exported="false"
118-->[com.google.android.gms:play-services-measurement:17.2.2] AndroidManifest.xml:51:13-37
119            android:permission="android.permission.BIND_JOB_SERVICE" />
119-->[com.google.android.gms:play-services-measurement:17.2.2] AndroidManifest.xml:52:13-69
120        <service
120-->[com.google.android.gms:play-services-measurement-api:17.2.2] AndroidManifest.xml:27:9-33:19
121            android:name="com.google.firebase.components.ComponentDiscoveryService"
121-->[com.google.android.gms:play-services-measurement-api:17.2.2] AndroidManifest.xml:28:13-84
122            android:directBootAware="true"
122-->[com.google.firebase:firebase-common:19.3.0] AndroidManifest.xml:34:13-43
123            android:exported="false" >
123-->[com.google.android.gms:play-services-measurement-api:17.2.2] AndroidManifest.xml:29:13-37
124            <meta-data
124-->[com.google.android.gms:play-services-measurement-api:17.2.2] AndroidManifest.xml:30:13-32:85
125                android:name="com.google.firebase.components:com.google.firebase.analytics.connector.internal.AnalyticsConnectorRegistrar"
125-->[com.google.android.gms:play-services-measurement-api:17.2.2] AndroidManifest.xml:31:17-139
126                android:value="com.google.firebase.components.ComponentRegistrar" />
126-->[com.google.android.gms:play-services-measurement-api:17.2.2] AndroidManifest.xml:32:17-82
127            <meta-data
127-->[com.google.firebase:firebase-iid:20.0.2] AndroidManifest.xml:32:13-34:85
128                android:name="com.google.firebase.components:com.google.firebase.iid.Registrar"
128-->[com.google.firebase:firebase-iid:20.0.2] AndroidManifest.xml:33:17-96
129                android:value="com.google.firebase.components.ComponentRegistrar" />
129-->[com.google.firebase:firebase-iid:20.0.2] AndroidManifest.xml:34:17-82
130        </service>
131
132        <receiver
132-->[com.google.firebase:firebase-iid:20.0.2] AndroidManifest.xml:37:9-44:20
133            android:name="com.google.firebase.iid.FirebaseInstanceIdReceiver"
133-->[com.google.firebase:firebase-iid:20.0.2] AndroidManifest.xml:38:13-78
134            android:exported="true"
134-->[com.google.firebase:firebase-iid:20.0.2] AndroidManifest.xml:39:13-36
135            android:permission="com.google.android.c2dm.permission.SEND" >
135-->[com.google.firebase:firebase-iid:20.0.2] AndroidManifest.xml:40:13-73
136            <intent-filter>
136-->[com.google.firebase:firebase-iid:20.0.2] AndroidManifest.xml:41:13-43:29
137                <action android:name="com.google.android.c2dm.intent.RECEIVE" />
137-->[com.google.firebase:firebase-iid:20.0.2] AndroidManifest.xml:42:17-81
137-->[com.google.firebase:firebase-iid:20.0.2] AndroidManifest.xml:42:25-78
138            </intent-filter>
139        </receiver>
140
141        <provider
141-->[com.google.firebase:firebase-common:19.3.0] AndroidManifest.xml:26:9-30:39
142            android:name="com.google.firebase.provider.FirebaseInitProvider"
142-->[com.google.firebase:firebase-common:19.3.0] AndroidManifest.xml:27:13-77
143            android:authorities="com.samahmakki.seacrhforbooksandsave.firebaseinitprovider"
143-->[com.google.firebase:firebase-common:19.3.0] AndroidManifest.xml:28:13-72
144            android:exported="false"
144-->[com.google.firebase:firebase-common:19.3.0] AndroidManifest.xml:29:13-37
145            android:initOrder="100" />
145-->[com.google.firebase:firebase-common:19.3.0] AndroidManifest.xml:30:13-36
146
147        <activity
147-->[com.google.android.gms:play-services-base:17.0.0] AndroidManifest.xml:23:9-26:75
148            android:name="com.google.android.gms.common.api.GoogleApiActivity"
148-->[com.google.android.gms:play-services-base:17.0.0] AndroidManifest.xml:24:13-79
149            android:exported="false"
149-->[com.google.android.gms:play-services-base:17.0.0] AndroidManifest.xml:25:13-37
150            android:theme="@android:style/Theme.Translucent.NoTitleBar" />
150-->[com.google.android.gms:play-services-base:17.0.0] AndroidManifest.xml:26:13-72
151
152        <meta-data
152-->[com.google.android.gms:play-services-basement:17.0.0] AndroidManifest.xml:23:9-25:69
153            android:name="com.google.android.gms.version"
153-->[com.google.android.gms:play-services-basement:17.0.0] AndroidManifest.xml:24:13-58
154            android:value="@integer/google_play_services_version" />
154-->[com.google.android.gms:play-services-basement:17.0.0] AndroidManifest.xml:25:13-66
155        <!--
156         The initialization ContentProvider will call FacebookSdk.sdkInitialize automatically
157         with the application context. This config is merged in with the host app's manifest,
158         but there can only be one provider with the same authority activated at any given
159         point; so if the end user has two or more different apps that use Facebook SDK, only the
160         first one will be able to use the provider. To work around this problem, we use the
161         following placeholder in the authority to identify each host application as if it was
162         a completely different provider.
163        -->
164        <provider
164-->[com.facebook.android:facebook-core:4.42.0] AndroidManifest.xml:39:9-42:40
165            android:name="com.facebook.internal.FacebookInitProvider"
165-->[com.facebook.android:facebook-core:4.42.0] AndroidManifest.xml:40:13-70
166            android:authorities="com.samahmakki.seacrhforbooksandsave.FacebookInitProvider"
166-->[com.facebook.android:facebook-core:4.42.0] AndroidManifest.xml:41:13-72
167            android:exported="false" />
167-->[com.facebook.android:facebook-core:4.42.0] AndroidManifest.xml:42:13-37
168
169        <receiver
169-->[com.facebook.android:facebook-core:4.42.0] AndroidManifest.xml:44:9-50:20
170            android:name="com.facebook.CurrentAccessTokenExpirationBroadcastReceiver"
170-->[com.facebook.android:facebook-core:4.42.0] AndroidManifest.xml:45:13-86
171            android:exported="false" >
171-->[com.facebook.android:facebook-core:4.42.0] AndroidManifest.xml:46:13-37
172            <intent-filter>
172-->[com.facebook.android:facebook-core:4.42.0] AndroidManifest.xml:47:13-49:29
173                <action android:name="com.facebook.sdk.ACTION_CURRENT_ACCESS_TOKEN_CHANGED" />
173-->[com.facebook.android:facebook-core:4.42.0] AndroidManifest.xml:48:17-95
173-->[com.facebook.android:facebook-core:4.42.0] AndroidManifest.xml:48:25-92
174            </intent-filter>
175        </receiver>
176    </application>
177
178</manifest>